2023-07-25 17:08:36,088 [main] INFO PK_MavenProject - Open the browser
2023-07-25 17:08:36,237 [main] INFO PK_MavenProject - Max. the window
2023-07-25 17:08:39,533 [main] INFO PK_MavenProject - Hit the URL
2023-07-25 17:08:39,651 [main] INFO PK_MavenProject - Enter the Username
2023-07-25 17:08:41,774 [main] INFO PK_MavenProject - Enter the Password
2023-07-25 17:08:43,867 [main] INFO PK_MavenProject - Click on the Ward button
2023-07-25 17:08:48,601 [main] INFO PK_MavenProject - Click the Login button
2023-07-25 17:14:31,492 [main] INFO PK_MavenProject - Open the browser
2023-07-25 17:14:31,634 [main] INFO PK_MavenProject - Max. the window
2023-07-25 17:14:35,103 [main] INFO PK_MavenProject - Hit the URL
2023-07-25 17:14:35,240 [main] INFO PK_MavenProject - Enter the Username
2023-07-25 17:14:37,386 [main] INFO PK_MavenProject - Enter the Password
2023-07-25 17:14:39,464 [main] INFO PK_MavenProject - Click on the Ward button
2023-07-25 17:14:43,703 [main] INFO PK_MavenProject - Click the Login button
2023-07-25 17:14:50,920 [main] INFO PK_MavenProject - Click on the Register
2023-07-25 17:14:53,087 [main] INFO PK_MavenProject - Enter the 1st name
2023-07-25 17:14:55,231 [main] INFO PK_MavenProject - Enter the middle name
2023-07-25 17:14:57,379 [main] INFO PK_MavenProject - Enter the Lastname
2023-07-25 17:14:59,470 [main] INFO PK_MavenProject - Next Button
2023-07-25 17:14:59,733 [main] INFO PK_MavenProject - Select Button
2023-07-25 17:14:59,809 [main] INFO PK_MavenProject - Next button
2023-07-25 17:14:59,888 [main] INFO PK_MavenProject - Select the date
2023-07-25 17:15:00,140 [main] INFO PK_MavenProject - Select the Month
2023-07-25 17:15:00,293 [main] INFO PK_MavenProject - Select the Year
2023-07-25 17:15:00,401 [main] INFO PK_MavenProject - Next button
2023-07-25 17:15:00,523 [main] INFO PK_MavenProject - Submit button
2023-07-25 17:31:46,120 [main] INFO PK_MavenProject - Open the browser
2023-07-25 17:31:46,261 [main] INFO PK_MavenProject - Max. the window
2023-07-25 17:31:56,869 [main] INFO PK_MavenProject - Hit the URL
2023-07-25 17:31:58,959 [main] INFO PK_MavenProject - Enter the Username
2023-07-25 17:32:01,119 [main] INFO PK_MavenProject - Enter the Password
2023-07-25 17:32:03,222 [main] INFO PK_MavenProject - Click on the Ward button
2023-07-25 17:32:09,576 [main] INFO PK_MavenProject - Click the Login button
2023-07-25 17:32:09,589 [main] INFO PK_MavenProject - Login test case pass
2023-07-25 17:32:13,543 [main] INFO PK_MavenProject - Open the browser
2023-07-25 17:32:13,668 [main] INFO PK_MavenProject - Max. the window
2023-07-25 17:32:17,303 [main] INFO PK_MavenProject - Hit the URL
2023-07-25 17:32:19,368 [main] INFO PK_MavenProject - Enter the Username
2023-07-25 17:32:21,461 [main] INFO PK_MavenProject - Enter the Password
2023-07-25 17:32:23,526 [main] INFO PK_MavenProject - Click on the Ward button
2023-07-25 17:32:27,679 [main] INFO PK_MavenProject - Click the Login button
2023-07-25 17:32:31,598 [main] INFO PK_MavenProject - Open the browser
2023-07-25 17:32:31,725 [main] INFO PK_MavenProject - Max. the window
2023-07-25 17:32:35,168 [main] INFO PK_MavenProject - Hit the URL
2023-07-25 17:32:37,241 [main] INFO PK_MavenProject - Enter the Username
2023-07-25 17:32:39,337 [main] INFO PK_MavenProject - Enter the Password
2023-07-25 17:32:41,396 [main] INFO PK_MavenProject - Click on the Ward button
2023-07-25 17:32:45,531 [main] INFO PK_MavenProject - Click the Login button
2023-07-25 17:32:49,346 [main] INFO PK_MavenProject - Open the browser
2023-07-25 17:32:49,478 [main] INFO PK_MavenProject - Max. the window
2023-07-25 17:32:52,668 [main] INFO PK_MavenProject - Hit the URL
2023-07-25 17:32:54,752 [main] INFO PK_MavenProject - Enter the Username
2023-07-25 17:32:56,820 [main] INFO PK_MavenProject - Enter the Password
2023-07-25 17:32:58,890 [main] INFO PK_MavenProject - Click on the Ward button
2023-07-25 17:33:03,004 [main] INFO PK_MavenProject - Click the Login button
2023-07-25 17:34:48,862 [main] INFO PK_MavenProject - Open the browser
2023-07-25 17:34:48,996 [main] INFO PK_MavenProject - Max. the window
2023-07-25 17:34:54,350 [main] INFO PK_MavenProject - Hit the URL
2023-07-25 17:34:56,424 [main] INFO PK_MavenProject - Enter the Username
2023-07-25 17:34:58,538 [main] INFO PK_MavenProject - Enter the Password
2023-07-25 17:35:00,601 [main] INFO PK_MavenProject - Click on the Ward button
2023-07-25 17:35:05,785 [main] INFO PK_MavenProject - Click the Login button
2023-07-25 17:35:05,799 [main] INFO PK_MavenProject - Login test case pass
2023-07-25 17:35:09,607 [main] INFO PK_MavenProject - Open the browser
2023-07-25 17:35:09,743 [main] INFO PK_MavenProject - Max. the window
2023-07-25 17:35:13,009 [main] INFO PK_MavenProject - Hit the URL
2023-07-25 17:35:15,066 [main] INFO PK_MavenProject - Enter the Username
2023-07-25 17:35:17,152 [main] INFO PK_MavenProject - Enter the Password
2023-07-25 17:35:19,206 [main] INFO PK_MavenProject - Click on the Ward button
2023-07-25 17:35:23,449 [main] INFO PK_MavenProject - Click the Login button
2023-07-25 17:35:27,318 [main] INFO PK_MavenProject - Open the browser
2023-07-25 17:35:27,437 [main] INFO PK_MavenProject - Max. the window
2023-07-25 17:35:31,488 [main] INFO PK_MavenProject - Hit the URL
2023-07-25 17:35:33,547 [main] INFO PK_MavenProject - Enter the Username
2023-07-25 17:35:35,633 [main] INFO PK_MavenProject - Enter the Password
2023-07-25 17:35:37,721 [main] INFO PK_MavenProject - Click on the Ward button
2023-07-25 17:35:42,662 [main] INFO PK_MavenProject - Click the Login button
2023-07-25 17:35:46,592 [main] INFO PK_MavenProject - Open the browser
2023-07-25 17:35:46,726 [main] INFO PK_MavenProject - Max. the window
2023-07-25 17:35:52,572 [main] INFO PK_MavenProject - Hit the URL
2023-07-25 17:35:54,648 [main] INFO PK_MavenProject - Enter the Username
2023-07-25 17:35:56,736 [main] INFO PK_MavenProject - Enter the Password
2023-07-25 17:35:58,799 [main] INFO PK_MavenProject - Click on the Ward button
2023-07-25 17:36:09,800 [main] INFO PK_MavenProject - Click the Login button
2023-07-25 17:42:22,951 [main] INFO PK_MavenProject - Open the browser
2023-07-25 17:42:23,086 [main] INFO PK_MavenProject - Max. the window
2023-07-25 17:42:28,825 [main] INFO PK_MavenProject - Hit the URL
2023-07-25 17:42:30,905 [main] INFO PK_MavenProject - Enter the Username
2023-07-25 17:42:33,026 [main] INFO PK_MavenProject - Enter the Password
2023-07-25 17:42:35,097 [main] INFO PK_MavenProject - Click on the Ward button
2023-07-25 17:42:41,433 [main] INFO PK_MavenProject - Click the Login button
2023-07-25 17:42:41,443 [main] INFO PK_MavenProject - Login test case pass
2023-07-25 17:42:45,327 [main] INFO PK_MavenProject - Open the browser
2023-07-25 17:42:45,466 [main] INFO PK_MavenProject - Max. the window
2023-07-25 17:42:49,130 [main] INFO PK_MavenProject - Hit the URL
2023-07-25 17:42:51,201 [main] INFO PK_MavenProject - Enter the Username
2023-07-25 17:42:53,285 [main] INFO PK_MavenProject - Enter the Password
2023-07-25 17:42:55,338 [main] INFO PK_MavenProject - Click on the Ward button
2023-07-25 17:42:58,277 [main] INFO PK_MavenProject - Click the Login button
2023-07-25 17:43:02,100 [main] INFO PK_MavenProject - Open the browser
2023-07-25 17:43:02,228 [main] INFO PK_MavenProject - Max. the window
2023-07-25 17:43:07,936 [main] INFO PK_MavenProject - Hit the URL
2023-07-25 17:43:09,987 [main] INFO PK_MavenProject - Enter the Username
2023-07-25 17:43:12,081 [main] INFO PK_MavenProject - Enter the Password
2023-07-25 17:43:14,137 [main] INFO PK_MavenProject - Click on the Ward button
2023-07-25 17:43:17,182 [main] INFO PK_MavenProject - Click the Login button
2023-07-25 17:43:21,064 [main] INFO PK_MavenProject - Open the browser
2023-07-25 17:43:21,190 [main] INFO PK_MavenProject - Max. the window
2023-07-25 17:43:25,167 [main] INFO PK_MavenProject - Hit the URL
2023-07-25 17:44:55,923 [main] INFO PK_MavenProject - Open the browser
2023-07-25 17:44:56,058 [main] INFO PK_MavenProject - Max. the window
2023-07-25 17:44:59,678 [main] INFO PK_MavenProject - Hit the URL
2023-07-25 17:45:01,758 [main] INFO PK_MavenProject - Enter the Username
2023-07-25 17:45:03,833 [main] INFO PK_MavenProject - Enter the Password
2023-07-25 17:45:05,915 [main] INFO PK_MavenProject - Click on the Ward button
2023-07-25 17:45:10,088 [main] INFO PK_MavenProject - Click the Login button
2023-07-25 17:45:10,104 [main] INFO PK_MavenProject - Login test case pass
2023-07-25 17:45:14,032 [main] INFO PK_MavenProject - Open the browser
2023-07-25 17:45:14,171 [main] INFO PK_MavenProject - Max. the window
2023-07-25 17:45:24,620 [main] INFO PK_MavenProject - Hit the URL
2023-07-25 17:45:26,675 [main] INFO PK_MavenProject - Enter the Username
2023-07-25 17:45:28,784 [main] INFO PK_MavenProject - Enter the Password
2023-07-25 17:45:30,850 [main] INFO PK_MavenProject - Click on the Ward button
2023-07-25 17:45:33,833 [main] INFO PK_MavenProject - Click the Login button
2023-07-25 17:45:37,665 [main] INFO PK_MavenProject - Open the browser
2023-07-25 17:45:37,808 [main] INFO PK_MavenProject - Max. the window
2023-07-25 17:45:41,487 [main] INFO PK_MavenProject - Hit the URL
2023-07-25 17:45:43,546 [main] INFO PK_MavenProject - Enter the Username
2023-07-25 17:45:45,623 [main] INFO PK_MavenProject - Enter the Password
2023-07-25 17:45:47,678 [main] INFO PK_MavenProject - Click on the Ward button
2023-07-25 17:45:50,677 [main] INFO PK_MavenProject - Click the Login button
2023-07-25 17:45:54,469 [main] INFO PK_MavenProject - Open the browser
2023-07-25 17:45:54,603 [main] INFO PK_MavenProject - Max. the window
2023-07-25 17:46:04,500 [main] INFO PK_MavenProject - Hit the URL
2023-07-25 17:46:06,572 [main] INFO PK_MavenProject - Enter the Username
2023-07-25 17:46:08,654 [main] INFO PK_MavenProject - Enter the Password
2023-07-25 17:46:10,708 [main] INFO PK_MavenProject - Click on the Ward button
2023-07-25 17:46:13,755 [main] INFO PK_MavenProject - Click the Login button
2023-07-25 17:46:17,672 [main] INFO PK_MavenProject - Open the browser
2023-07-25 17:46:17,801 [main] INFO PK_MavenProject - Max. the window
2023-07-25 17:46:23,381 [main] INFO PK_MavenProject - Hit the URL
2023-07-25 22:21:03,955 [main] INFO PK_MavenProject - Open the browser
2023-07-25 22:21:04,109 [main] INFO PK_MavenProject - Max. the window
2023-07-25 22:21:08,334 [main] INFO PK_MavenProject - Hit the URL
2023-07-25 22:21:10,482 [main] INFO PK_MavenProject - Enter the Username
2023-07-25 22:21:12,655 [main] INFO PK_MavenProject - Enter the Password
2023-07-25 22:21:14,794 [main] INFO PK_MavenProject - Click on the Ward button
2023-07-25 22:21:19,073 [main] INFO PK_MavenProject - Click the Login button
2023-07-25 22:21:19,099 [main] INFO PK_MavenProject - Login test case pass
2023-07-25 22:21:23,362 [main] INFO PK_MavenProject - Open the browser
2023-07-25 22:21:23,507 [main] INFO PK_MavenProject - Max. the window
2023-07-25 22:21:28,479 [main] INFO PK_MavenProject - Hit the URL
2023-07-25 22:21:30,558 [main] INFO PK_MavenProject - Enter the Username
2023-07-25 22:21:32,679 [main] INFO PK_MavenProject - Enter the Password
2023-07-25 22:21:34,799 [main] INFO PK_MavenProject - Click on the Ward button
2023-07-25 22:21:37,888 [main] INFO PK_MavenProject - Click the Login button
2023-07-25 22:21:42,105 [main] INFO PK_MavenProject - Open the browser
2023-07-25 22:21:42,245 [main] INFO PK_MavenProject - Max. the window
2023-07-25 22:21:46,810 [main] INFO PK_MavenProject - Hit the URL
2023-07-25 22:21:48,912 [main] INFO PK_MavenProject - Enter the Username
2023-07-25 22:21:51,022 [main] INFO PK_MavenProject - Enter the Password
2023-07-25 22:21:53,139 [main] INFO PK_MavenProject - Click on the Ward button
2023-07-25 22:21:56,250 [main] INFO PK_MavenProject - Click the Login button
2023-07-25 22:22:00,308 [main] INFO PK_MavenProject - Open the browser
2023-07-25 22:22:00,439 [main] INFO PK_MavenProject - Max. the window
2023-07-25 22:22:06,128 [main] INFO PK_MavenProject - Hit the URL
2023-07-25 22:22:08,234 [main] INFO PK_MavenProject - Enter the Username
2023-07-25 22:22:10,360 [main] INFO PK_MavenProject - Enter the Password
2023-07-25 22:22:12,452 [main] INFO PK_MavenProject - Click on the Ward button
2023-07-25 22:22:15,539 [main] INFO PK_MavenProject - Click the Login button
2023-07-25 22:22:19,662 [main] INFO PK_MavenProject - Open the browser
2023-07-25 22:22:19,818 [main] INFO PK_MavenProject - Max. the window
2023-07-25 22:22:29,239 [main] INFO PK_MavenProject - Hit the URL
2023-07-25 22:22:35,790 [main] INFO PK_MavenProject - Open the browser
2023-07-25 22:22:35,939 [main] INFO PK_MavenProject - Max. the window
2023-07-25 22:22:40,909 [main] INFO PK_MavenProject - Hit the URL
2023-07-25 22:23:09,617 [main] INFO PK_MavenProject - Open the browser
2023-07-25 22:23:09,743 [main] INFO PK_MavenProject - Max. the window
2023-07-25 22:23:12,980 [main] INFO PK_MavenProject - Hit the URL
2023-07-25 22:23:21,036 [main] INFO PK_MavenProject - Open the browser
2023-07-25 22:23:21,171 [main] INFO PK_MavenProject - Max. the window
2023-07-25 22:23:24,955 [main] INFO PK_MavenProject - Hit the URL
2023-07-25 22:26:41,939 [main] INFO PK_MavenProject - Open the browser
2023-07-25 22:26:42,084 [main] INFO PK_MavenProject - Max. the window
2023-07-25 22:26:45,887 [main] INFO PK_MavenProject - Hit the URL
2023-07-25 22:26:48,013 [main] INFO PK_MavenProject - Enter the Username
2023-07-25 22:26:50,244 [main] INFO PK_MavenProject - Enter the Password
2023-07-25 22:26:52,381 [main] INFO PK_MavenProject - Click on the Ward button
2023-07-25 22:26:56,719 [main] INFO PK_MavenProject - Click the Login button
2023-07-25 22:26:56,737 [main] INFO PK_MavenProject - Login test case pass
2023-07-25 22:27:00,872 [main] INFO PK_MavenProject - Open the browser
2023-07-25 22:27:01,017 [main] INFO PK_MavenProject - Max. the window
2023-07-25 22:27:05,790 [main] INFO PK_MavenProject - Hit the URL
2023-07-25 22:27:07,875 [main] INFO PK_MavenProject - Enter the Username
2023-07-25 22:27:10,196 [main] INFO PK_MavenProject - Enter the Password
2023-07-25 22:27:12,337 [main] INFO PK_MavenProject - Click on the Ward button
2023-07-25 22:27:15,450 [main] INFO PK_MavenProject - Click the Login button
2023-07-25 22:27:19,536 [main] INFO PK_MavenProject - Open the browser
2023-07-25 22:27:19,684 [main] INFO PK_MavenProject - Max. the window
2023-07-25 22:27:26,319 [main] INFO PK_MavenProject - Hit the URL
2023-07-25 22:27:28,415 [main] INFO PK_MavenProject - Enter the Username
2023-07-25 22:27:30,545 [main] INFO PK_MavenProject - Enter the Password
2023-07-25 22:27:32,654 [main] INFO PK_MavenProject - Click on the Ward button
2023-07-25 22:27:35,717 [main] INFO PK_MavenProject - Click the Login button
2023-07-25 22:27:40,025 [main] INFO PK_MavenProject - Open the browser
2023-07-25 22:27:40,160 [main] INFO PK_MavenProject - Max. the window
2023-07-25 22:27:53,428 [main] INFO PK_MavenProject - Hit the URL
2023-07-25 22:27:55,519 [main] INFO PK_MavenProject - Enter the Username
2023-07-25 22:27:57,640 [main] INFO PK_MavenProject - Enter the Password
2023-07-25 22:27:59,767 [main] INFO PK_MavenProject - Click on the Ward button
2023-07-25 22:28:02,898 [main] INFO PK_MavenProject - Click the Login button
2023-07-25 22:28:07,114 [main] INFO PK_MavenProject - Open the browser
2023-07-25 22:28:07,246 [main] INFO PK_MavenProject - Max. the window
2023-07-25 22:28:16,626 [main] INFO PK_MavenProject - Hit the URL
2023-07-25 22:28:22,981 [main] INFO PK_MavenProject - Open the browser
2023-07-25 22:28:23,118 [main] INFO PK_MavenProject - Max. the window
2023-07-25 22:28:29,320 [main] INFO PK_MavenProject - Hit the URL
2023-07-25 22:28:57,729 [main] INFO PK_MavenProject - Open the browser
2023-07-25 22:28:57,887 [main] INFO PK_MavenProject - Max. the window
2023-07-25 22:29:03,992 [main] INFO PK_MavenProject - Hit the URL
2023-07-25 22:29:11,948 [main] INFO PK_MavenProject - Open the browser
2023-07-25 22:29:12,079 [main] INFO PK_MavenProject - Max. the window
2023-07-25 22:29:15,421 [main] INFO PK_MavenProject - Hit the URL
2023-07-25 22:36:48,948 [main] INFO PK_MavenProject - Open the browser
2023-07-25 22:36:49,101 [main] INFO PK_MavenProject - Max. the window
2023-07-25 22:36:52,686 [main] INFO PK_MavenProject - Hit the URL
2023-07-25 22:37:45,934 [main] INFO PK_MavenProject - Open the browser
2023-07-25 22:37:46,099 [main] INFO PK_MavenProject - Max. the window
2023-07-25 22:37:50,382 [main] INFO PK_MavenProject - Hit the URL
2023-07-25 22:45:06,436 [main] INFO PK_MavenProject - Open the browser
2023-07-25 22:45:06,573 [main] INFO PK_MavenProject - Max. the window
2023-07-25 22:45:10,887 [main] INFO PK_MavenProject - Hit the URL
2023-07-25 22:50:31,418 [main] INFO PK_MavenProject - Open the browser
2023-07-25 22:50:31,562 [main] INFO PK_MavenProject - Max. the window
2023-07-25 22:50:37,817 [main] INFO PK_MavenProject - Hit the URL
2023-07-25 22:50:39,962 [main] INFO PK_MavenProject - Enter the Username
2023-07-25 22:50:42,177 [main] INFO PK_MavenProject - Enter the Password
2023-07-25 22:50:44,292 [main] INFO PK_MavenProject - Click on the Ward button
2023-07-25 22:50:52,815 [main] INFO PK_MavenProject - Click the Login button
2023-07-25 22:50:52,838 [main] INFO PK_MavenProject - Login test case pass
2023-07-25 22:50:57,176 [main] INFO PK_MavenProject - Open the browser
2023-07-25 22:50:57,328 [main] INFO PK_MavenProject - Max. the window
2023-07-25 22:51:04,702 [main] INFO PK_MavenProject - Hit the URL
2023-07-25 22:51:06,803 [main] INFO PK_MavenProject - Enter the Username
2023-07-25 22:51:08,955 [main] INFO PK_MavenProject - Enter the Password
2023-07-25 22:51:11,083 [main] INFO PK_MavenProject - Click on the Ward button
2023-07-25 22:51:14,209 [main] INFO PK_MavenProject - Click the Login button
2023-07-25 22:51:18,361 [main] INFO PK_MavenProject - Open the browser
2023-07-25 22:51:18,501 [main] INFO PK_MavenProject - Max. the window
2023-07-25 22:51:21,800 [main] INFO PK_MavenProject - Hit the URL
2023-07-25 22:51:23,895 [main] INFO PK_MavenProject - Enter the Username
2023-07-25 22:51:26,024 [main] INFO PK_MavenProject - Enter the Password
2023-07-25 22:51:28,145 [main] INFO PK_MavenProject - Click on the Ward button
2023-07-25 22:51:31,454 [main] INFO PK_MavenProject - Click the Login button
2023-07-25 22:51:35,571 [main] INFO PK_MavenProject - Open the browser
2023-07-25 22:51:35,703 [main] INFO PK_MavenProject - Max. the window
2023-07-25 22:52:09,343 [main] INFO PK_MavenProject - Hit the URL
2023-07-25 22:52:11,449 [main] INFO PK_MavenProject - Enter the Username
2023-07-25 22:52:13,561 [main] INFO PK_MavenProject - Enter the Password
2023-07-25 22:52:15,680 [main] INFO PK_MavenProject - Click on the Ward button
2023-07-25 22:52:18,849 [main] INFO PK_MavenProject - Click the Login button
2023-07-25 22:52:23,014 [main] INFO PK_MavenProject - Open the browser
2023-07-25 22:52:23,154 [main] INFO PK_MavenProject - Max. the window
2023-07-25 22:52:45,417 [main] INFO PK_MavenProject - Hit the URL
2023-07-25 22:59:44,607 [main] INFO PK_MavenProject - Open the browser
2023-07-25 22:59:44,761 [main] INFO PK_MavenProject - Max. the window
2023-07-25 22:59:48,564 [main] INFO PK_MavenProject - Hit the URL
2023-07-25 22:59:50,705 [main] INFO PK_MavenProject - Enter the Username
2023-07-25 22:59:52,857 [main] INFO PK_MavenProject - Enter the Password
2023-07-25 22:59:54,976 [main] INFO PK_MavenProject - Click on the Ward button
2023-07-25 22:59:59,341 [main] INFO PK_MavenProject - Click the Login button
2023-07-25 22:59:59,362 [main] INFO PK_MavenProject - Login test case pass
2023-07-25 23:00:03,533 [main] INFO PK_MavenProject - Open the browser
2023-07-25 23:00:03,668 [main] INFO PK_MavenProject - Max. the window
2023-07-25 23:00:08,550 [main] INFO PK_MavenProject - Hit the URL
2023-07-25 23:00:10,626 [main] INFO PK_MavenProject - Enter the Username
2023-07-25 23:00:12,809 [main] INFO PK_MavenProject - Enter the Password
2023-07-25 23:00:14,879 [main] INFO PK_MavenProject - Click on the Ward button
2023-07-25 23:00:17,994 [main] INFO PK_MavenProject - Click the Login button
2023-07-25 23:00:22,142 [main] INFO PK_MavenProject - Open the browser
2023-07-25 23:00:22,286 [main] INFO PK_MavenProject - Max. the window
2023-07-25 23:00:25,885 [main] INFO PK_MavenProject - Hit the URL
2023-07-25 23:00:27,963 [main] INFO PK_MavenProject - Enter the Username
2023-07-25 23:00:30,092 [main] INFO PK_MavenProject - Enter the Password
2023-07-25 23:00:32,221 [main] INFO PK_MavenProject - Click on the Ward button
2023-07-25 23:00:35,320 [main] INFO PK_MavenProject - Click the Login button
2023-07-25 23:00:39,573 [main] INFO PK_MavenProject - Open the browser
2023-07-25 23:00:39,721 [main] INFO PK_MavenProject - Max. the window
2023-07-25 23:00:43,201 [main] INFO PK_MavenProject - Hit the URL
2023-07-25 23:00:45,293 [main] INFO PK_MavenProject - Enter the Username
2023-07-25 23:00:47,401 [main] INFO PK_MavenProject - Enter the Password
2023-07-25 23:00:49,505 [main] INFO PK_MavenProject - Click on the Ward button
2023-07-25 23:00:52,614 [main] INFO PK_MavenProject - Click the Login button
2023-07-25 23:00:56,818 [main] INFO PK_MavenProject - Open the browser
2023-07-25 23:00:56,954 [main] INFO PK_MavenProject - Max. the window
2023-07-25 23:01:02,043 [main] INFO PK_MavenProject - Hit the URL
2023-07-25 23:01:08,398 [main] INFO PK_MavenProject - Open the browser
2023-07-25 23:01:08,558 [main] INFO PK_MavenProject - Max. the window
2023-07-25 23:01:15,060 [main] INFO PK_MavenProject - Hit the URL
2023-07-25 23:01:22,862 [main] INFO PK_MavenProject - Open the browser
2023-07-25 23:01:23,005 [main] INFO PK_MavenProject - Max. the window
2023-07-25 23:01:28,058 [main] INFO PK_MavenProject - Hit the URL
2023-07-25 23:01:43,336 [main] INFO PK_MavenProject - Open the browser
2023-07-25 23:01:43,474 [main] INFO PK_MavenProject - Max. the window
2023-07-25 23:01:47,044 [main] INFO PK_MavenProject - Hit the URL
2023-07-25 23:09:52,385 [main] INFO PK_MavenProject - Open the browser
2023-07-25 23:09:52,531 [main] INFO PK_MavenProject - Max. the window
2023-07-25 23:09:58,432 [main] INFO PK_MavenProject - Hit the URL
2023-07-25 23:13:43,221 [main] INFO PK_MavenProject - Open the browser
2023-07-25 23:13:43,375 [main] INFO PK_MavenProject - Max. the window
2023-07-25 23:13:47,880 [main] INFO PK_MavenProject - Hit the URL
2023-07-25 23:14:23,820 [main] INFO PK_MavenProject - Click on the Register
2023-07-25 23:14:26,016 [main] INFO PK_MavenProject - Enter the 1st name
2023-07-25 23:14:28,207 [main] INFO PK_MavenProject - Enter the middle name
2023-07-25 23:14:30,364 [main] INFO PK_MavenProject - Enter the Lastname
2023-07-25 23:14:32,493 [main] INFO PK_MavenProject - Next Button
2023-07-25 23:14:32,767 [main] INFO PK_MavenProject - Select Button
2023-07-25 23:14:32,842 [main] INFO PK_MavenProject - Next button
2023-07-25 23:14:32,926 [main] INFO PK_MavenProject - Select the date
2023-07-25 23:14:33,156 [main] INFO PK_MavenProject - Select the Month
2023-07-25 23:14:33,307 [main] INFO PK_MavenProject - Select the Year
2023-07-25 23:14:33,436 [main] INFO PK_MavenProject - Next button
2023-07-25 23:16:54,015 [main] INFO PK_MavenProject - Open the browser
2023-07-25 23:16:54,158 [main] INFO PK_MavenProject - Max. the window
2023-07-25 23:16:58,133 [main] INFO PK_MavenProject - Hit the URL
2023-07-25 23:17:00,268 [main] INFO PK_MavenProject - Enter the Username
2023-07-25 23:17:02,366 [main] INFO PK_MavenProject - Enter the Password
2023-07-25 23:17:04,454 [main] INFO PK_MavenProject - Click on the Ward button
2023-07-25 23:17:08,762 [main] INFO PK_MavenProject - Click the Login button
2023-07-25 23:17:08,790 [main] INFO PK_MavenProject - Login test case pass
2023-07-25 23:17:12,907 [main] INFO PK_MavenProject - Open the browser
2023-07-25 23:17:13,034 [main] INFO PK_MavenProject - Max. the window
2023-07-25 23:17:16,848 [main] INFO PK_MavenProject - Hit the URL
2023-07-25 23:17:18,947 [main] INFO PK_MavenProject - Enter the Username
2023-07-25 23:17:21,083 [main] INFO PK_MavenProject - Enter the Password
2023-07-25 23:17:23,202 [main] INFO PK_MavenProject - Click on the Ward button
2023-07-25 23:17:26,355 [main] INFO PK_MavenProject - Click the Login button
2023-07-25 23:17:30,687 [main] INFO PK_MavenProject - Open the browser
2023-07-25 23:17:30,842 [main] INFO PK_MavenProject - Max. the window
2023-07-25 23:17:35,635 [main] INFO PK_MavenProject - Hit the URL
2023-07-25 23:17:37,716 [main] INFO PK_MavenProject - Enter the Username
2023-07-25 23:17:39,885 [main] INFO PK_MavenProject - Enter the Password
2023-07-25 23:17:42,009 [main] INFO PK_MavenProject - Click on the Ward button
2023-07-25 23:17:45,100 [main] INFO PK_MavenProject - Click the Login button
2023-07-25 23:17:49,314 [main] INFO PK_MavenProject - Open the browser
2023-07-25 23:17:49,457 [main] INFO PK_MavenProject - Max. the window
2023-07-25 23:17:58,404 [main] INFO PK_MavenProject - Hit the URL
2023-07-25 23:18:00,492 [main] INFO PK_MavenProject - Enter the Username
2023-07-25 23:18:02,647 [main] INFO PK_MavenProject - Enter the Password
2023-07-25 23:18:04,765 [main] INFO PK_MavenProject - Click on the Ward button
2023-07-25 23:18:10,184 [main] INFO PK_MavenProject - Click the Login button
2023-07-25 23:18:14,330 [main] INFO PK_MavenProject - Open the browser
2023-07-25 23:18:14,464 [main] INFO PK_MavenProject - Max. the window
2023-07-25 23:18:17,757 [main] INFO PK_MavenProject - Hit the URL
2023-07-25 23:18:24,590 [main] INFO PK_MavenProject - Open the browser
2023-07-25 23:18:24,729 [main] INFO PK_MavenProject - Max. the window
2023-07-25 23:18:33,268 [main] INFO PK_MavenProject - Hit the URL
2023-07-25 23:18:41,092 [main] INFO PK_MavenProject - Open the browser
2023-07-25 23:18:41,233 [main] INFO PK_MavenProject - Max. the window
2023-07-25 23:18:47,051 [main] INFO PK_MavenProject - Hit the URL
2023-07-25 23:18:57,664 [main] INFO PK_MavenProject - Open the browser
2023-07-25 23:18:57,801 [main] INFO PK_MavenProject - Max. the window
2023-07-25 23:19:02,613 [main] INFO PK_MavenProject - Hit the URL
2023-07-25 23:19:35,642 [main] INFO PK_MavenProject - Click on the Register
2023-07-25 23:19:37,761 [main] INFO PK_MavenProject - Enter the 1st name
2023-07-25 23:19:39,911 [main] INFO PK_MavenProject - Enter the middle name
2023-07-25 23:19:42,088 [main] INFO PK_MavenProject - Enter the Lastname
2023-07-25 23:19:44,187 [main] INFO PK_MavenProject - Next Button
2023-07-25 23:19:44,439 [main] INFO PK_MavenProject - Select Button
2023-07-25 23:19:44,550 [main] INFO PK_MavenProject - Next button
2023-07-25 23:19:44,712 [main] INFO PK_MavenProject - Select the date
2023-07-25 23:19:45,008 [main] INFO PK_MavenProject - Select the Month
2023-07-25 23:19:45,150 [main] INFO PK_MavenProject - Select the Year
2023-07-25 23:19:45,252 [main] INFO PK_MavenProject - Next button
2023-07-25 23:19:46,265 [main] INFO PK_MavenProject - Submit button
2023-07-25 23:26:51,646 [main] INFO PK_MavenProject - Open the browser
2023-07-25 23:26:51,775 [main] INFO PK_MavenProject - Max. the window
2023-07-25 23:26:57,856 [main] INFO PK_MavenProject - Hit the URL
2023-07-25 23:27:36,836 [main] INFO PK_MavenProject - Open the browser
2023-07-25 23:27:36,957 [main] INFO PK_MavenProject - Max. the window
2023-07-25 23:27:41,015 [main] INFO PK_MavenProject - Hit the URL
2023-07-25 23:34:04,824 [main] INFO PK_MavenProject - Open the browser
2023-07-25 23:34:04,963 [main] INFO PK_MavenProject - Max. the window
2023-07-25 23:34:10,498 [main] INFO PK_MavenProject - Hit the URL
2023-07-25 23:34:45,912 [main] INFO PK_MavenProject - Open the browser
2023-07-25 23:34:46,064 [main] INFO PK_MavenProject - Max. the window
2023-07-25 23:34:52,026 [main] INFO PK_MavenProject - Hit the URL
2023-07-25 23:34:54,163 [main] INFO PK_MavenProject - Enter the Username
2023-07-25 23:34:56,282 [main] INFO PK_MavenProject - Enter the Password
2023-07-25 23:34:58,393 [main] INFO PK_MavenProject - Click on the Ward button
2023-07-25 23:35:04,581 [main] INFO PK_MavenProject - Click the Login button
2023-07-25 23:35:04,600 [main] INFO PK_MavenProject - Login test case pass
2023-07-25 23:35:08,677 [main] INFO PK_MavenProject - Open the browser
2023-07-25 23:35:08,832 [main] INFO PK_MavenProject - Max. the window
2023-07-25 23:35:12,620 [main] INFO PK_MavenProject - Hit the URL
2023-07-25 23:35:14,666 [main] INFO PK_MavenProject - Enter the Username
2023-07-25 23:35:16,739 [main] INFO PK_MavenProject - Enter the Password
2023-07-25 23:35:18,843 [main] INFO PK_MavenProject - Click on the Ward button
2023-07-25 23:35:21,844 [main] INFO PK_MavenProject - Click the Login button
2023-07-25 23:35:25,802 [main] INFO PK_MavenProject - Open the browser
2023-07-25 23:35:25,945 [main] INFO PK_MavenProject - Max. the window
2023-07-25 23:35:31,916 [main] INFO PK_MavenProject - Hit the URL
2023-07-25 23:35:33,972 [main] INFO PK_MavenProject - Enter the Username
2023-07-25 23:35:36,036 [main] INFO PK_MavenProject - Enter the Password
2023-07-25 23:35:38,074 [main] INFO PK_MavenProject - Click on the Ward button
2023-07-25 23:35:41,068 [main] INFO PK_MavenProject - Click the Login button
2023-07-25 23:35:44,927 [main] INFO PK_MavenProject - Open the browser
2023-07-25 23:35:45,053 [main] INFO PK_MavenProject - Max. the window
2023-07-25 23:35:51,181 [main] INFO PK_MavenProject - Hit the URL
2023-07-25 23:35:53,227 [main] INFO PK_MavenProject - Enter the Username
2023-07-25 23:35:55,287 [main] INFO PK_MavenProject - Enter the Password
2023-07-25 23:35:57,349 [main] INFO PK_MavenProject - Click on the Ward button
2023-07-25 23:36:00,355 [main] INFO PK_MavenProject - Click the Login button
2023-07-25 23:36:04,228 [main] INFO PK_MavenProject - Open the browser
2023-07-25 23:36:04,356 [main] INFO PK_MavenProject - Max. the window
2023-07-25 23:36:07,556 [main] INFO PK_MavenProject - Hit the URL
2023-07-25 23:36:13,712 [main] INFO PK_MavenProject - Open the browser
2023-07-25 23:36:13,825 [main] INFO PK_MavenProject - Max. the window
2023-07-25 23:36:18,827 [main] INFO PK_MavenProject - Hit the URL
2023-07-25 23:36:26,266 [main] INFO PK_MavenProject - Open the browser
2023-07-25 23:36:26,400 [main] INFO PK_MavenProject - Max. the window
2023-07-25 23:36:32,641 [main] INFO PK_MavenProject - Hit the URL
2023-07-25 23:36:42,892 [main] INFO PK_MavenProject - Open the browser
2023-07-25 23:36:43,019 [main] INFO PK_MavenProject - Max. the window
2023-07-25 23:36:47,520 [main] INFO PK_MavenProject - Hit the URL
2023-07-25 23:37:20,448 [main] INFO PK_MavenProject - Click on the Register
2023-07-25 23:37:22,540 [main] INFO PK_MavenProject - Enter the 1st name
2023-07-25 23:37:24,633 [main] INFO PK_MavenProject - Enter the middle name
2023-07-25 23:37:26,710 [main] INFO PK_MavenProject - Enter the Lastname
2023-07-25 23:37:28,784 [main] INFO PK_MavenProject - Next Button
2023-07-25 23:37:28,980 [main] INFO PK_MavenProject - Select Button
2023-07-25 23:37:29,009 [main] INFO PK_MavenProject - Next button 1
2023-07-25 23:37:29,061 [main] INFO PK_MavenProject - Select the date
2023-07-25 23:37:29,304 [main] INFO PK_MavenProject - Select the Month
2023-07-25 23:37:29,357 [main] INFO PK_MavenProject - Select the Year
2023-07-25 23:37:29,396 [main] INFO PK_MavenProject - Next button 2
2023-07-25 23:37:29,459 [main] INFO PK_MavenProject - Address added
2023-07-25 23:37:29,510 [main] INFO PK_MavenProject - Next button 3
2023-07-25 23:37:29,607 [main] INFO PK_MavenProject - Enter the phone
2023-07-25 23:37:29,688 [main] INFO PK_MavenProject - Next button 4
2023-07-25 23:37:29,900 [main] INFO PK_MavenProject - Relation enter
2023-07-25 23:37:29,990 [main] INFO PK_MavenProject - Sibling
2023-07-25 23:37:30,050 [main] INFO PK_MavenProject - Next5
2023-07-25 23:37:30,117 [main] INFO PK_MavenProject - Submit button
2023-07-26 14:32:53,025 [main] INFO PK_MavenProject - Open the browser
2023-07-26 14:32:53,162 [main] INFO PK_MavenProject - Max. the window
2023-07-26 14:32:58,875 [main] INFO PK_MavenProject - Hit the URL
2023-07-26 14:33:01,021 [main] INFO PK_MavenProject - Enter the Username
2023-07-26 14:33:03,111 [main] INFO PK_MavenProject - Enter the Password
2023-07-26 14:33:05,175 [main] INFO PK_MavenProject - Click on the Ward button
2023-07-26 14:33:09,445 [main] INFO PK_MavenProject - Click the Login button
2023-07-26 14:33:09,471 [main] INFO PK_MavenProject - Login test case pass
2023-07-26 14:33:13,389 [main] INFO PK_MavenProject - Open the browser
2023-07-26 14:33:13,525 [main] INFO PK_MavenProject - Max. the window
2023-07-26 14:33:18,226 [main] INFO PK_MavenProject - Hit the URL
2023-07-26 14:33:20,268 [main] INFO PK_MavenProject - Enter the Username
2023-07-26 14:33:22,334 [main] INFO PK_MavenProject - Enter the Password
2023-07-26 14:33:24,419 [main] INFO PK_MavenProject - Click on the Ward button
2023-07-26 14:33:27,449 [main] INFO PK_MavenProject - Click the Login button
2023-07-26 14:33:31,326 [main] INFO PK_MavenProject - Open the browser
2023-07-26 14:33:31,463 [main] INFO PK_MavenProject - Max. the window
2023-07-26 14:33:35,169 [main] INFO PK_MavenProject - Hit the URL
2023-07-26 14:33:37,218 [main] INFO PK_MavenProject - Enter the Username
2023-07-26 14:33:39,291 [main] INFO PK_MavenProject - Enter the Password
2023-07-26 14:33:41,345 [main] INFO PK_MavenProject - Click on the Ward button
2023-07-26 14:33:44,899 [main] INFO PK_MavenProject - Click the Login button
2023-07-26 14:33:48,685 [main] INFO PK_MavenProject - Open the browser
2023-07-26 14:33:48,817 [main] INFO PK_MavenProject - Max. the window
2023-07-26 14:33:52,679 [main] INFO PK_MavenProject - Hit the URL
2023-07-26 14:33:54,729 [main] INFO PK_MavenProject - Enter the Username
2023-07-26 14:33:56,805 [main] INFO PK_MavenProject - Enter the Password
2023-07-26 14:33:58,882 [main] INFO PK_MavenProject - Click on the Ward button
2023-07-26 14:34:01,884 [main] INFO PK_MavenProject - Click the Login button
2023-07-26 14:34:05,751 [main] INFO PK_MavenProject - Open the browser
2023-07-26 14:34:05,881 [main] INFO PK_MavenProject - Max. the window
2023-07-26 14:34:09,609 [main] INFO PK_MavenProject - Hit the URL
2023-07-26 14:34:15,647 [main] INFO PK_MavenProject - Open the browser
2023-07-26 14:34:15,764 [main] INFO PK_MavenProject - Max. the window
2023-07-26 14:34:20,992 [main] INFO PK_MavenProject - Hit the URL
2023-07-26 14:34:28,176 [main] INFO PK_MavenProject - Open the browser
2023-07-26 14:34:28,300 [main] INFO PK_MavenProject - Max. the window
2023-07-26 14:34:32,341 [main] INFO PK_MavenProject - Hit the URL
2023-07-26 14:34:41,026 [main] INFO PK_MavenProject - Open the browser
2023-07-26 14:34:41,161 [main] INFO PK_MavenProject - Max. the window
2023-07-26 14:34:44,602 [main] INFO PK_MavenProject - Hit the URL
2023-07-26 14:35:21,008 [main] INFO PK_MavenProject - Click on the Register
2023-07-26 14:35:23,058 [main] INFO PK_MavenProject - Enter the 1st name
2023-07-26 14:35:25,139 [main] INFO PK_MavenProject - Enter the middle name
2023-07-26 14:35:27,245 [main] INFO PK_MavenProject - Enter the Lastname
2023-07-26 14:35:29,386 [main] INFO PK_MavenProject - Next Button
2023-07-26 14:35:29,690 [main] INFO PK_MavenProject - Select Button
2023-07-26 14:35:29,744 [main] INFO PK_MavenProject - Next button 1
2023-07-26 14:35:29,818 [main] INFO PK_MavenProject - Select the date
2023-07-26 14:35:30,050 [main] INFO PK_MavenProject - Select the Month
2023-07-26 14:35:30,130 [main] INFO PK_MavenProject - Select the Year
2023-07-26 14:35:30,185 [main] INFO PK_MavenProject - Next button 2
2023-07-26 14:35:30,252 [main] INFO PK_MavenProject - Address added
2023-07-26 14:35:30,312 [main] INFO PK_MavenProject - Next button 3
2023-07-26 14:35:30,410 [main] INFO PK_MavenProject - Enter the phone
2023-07-26 14:35:30,474 [main] INFO PK_MavenProject - Next button 4
2023-07-26 14:35:30,651 [main] INFO PK_MavenProject - Relation enter
2023-07-26 14:35:30,791 [main] INFO PK_MavenProject - Sibling
2023-07-26 14:35:30,850 [main] INFO PK_MavenProject - Next5
2023-07-26 14:35:30,935 [main] INFO PK_MavenProject - Submit button
